<?xml version="1.0" encoding="UTF-8"?>
<!-- Generated by org.testng.reporters.JUnitXMLReporter -->
<testsuite hostname="DESKTOP-EDH5CLB" name="Default test" tests="4" failures="0" timestamp="17 Nov 2022 05:51:36 GMT" time="99.997" errors="0">
  <testcase name="halfEbayRegistration" time="2.516" classname="dataProviderUtility.HalfEbay"/>
  <testcase name="halfEbayRegistration" time="0.74" classname="dataProviderUtility.HalfEbay"/>
  <testcase name="halfEbayRegistration" time="0.669" classname="dataProviderUtility.HalfEbay"/>
  <testcase name="halfEbayRegistration" time="0.74" classname="dataProviderUtility.HalfEbay"/>
</testsuite> <!-- Default test -->
